Sturents/app/build/intermediates/manifest_merge_blame_file/debug/manifest-merger-blame-debug-report.txt
1<?xml version="1.0" encoding="utf-8"?>
2<manifest xmlns:android="http://schemas.android.com/apk/res/android"
3    package="com.rentalcentral.sturents"
4    android:versionCode="1"
5    android:versionName="1.0" >
6
7    <uses-sdk
8        android:minSdkVersion="16"
8-->src\main\AndroidManifest.xml
9        android:targetSdkVersion="29" />
9-->src\main\AndroidManifest.xml
10
11    <uses-permission android:name="android.permission.INTERNET" />
11-->src\main\AndroidManifest.xml:5:5-67
11-->src\main\AndroidManifest.xml:5:22-64
12    <uses-permission android:name="android.permission.WRITE_EXTERNAL_STORAGE" />
12-->src\main\AndroidManifest.xml:6:5-81
12-->src\main\AndroidManifest.xml:6:22-78
13    <uses-permission android:name="android.permission.READ_EXTERNAL_STORAGE" />
13-->src\main\AndroidManifest.xml:7:5-80
13-->src\main\AndroidManifest.xml:7:22-77
14
15    <application
15-->src\main\AndroidManifest.xml:9:5-51:19
16        android:allowBackup="true"
16-->src\main\AndroidManifest.xml:10:9-35
17        android:appComponentFactory="androidx.core.app.CoreComponentFactory"
17-->[androidx.core:core:1.1.0] AndroidManifest.xml:24:18-86
18        android:debuggable="true"
19        android:icon="@mipmap/ic_launcher"
19-->src\main\AndroidManifest.xml:11:9-43
20        android:label="@string/app_name"
20-->src\main\AndroidManifest.xml:12:9-41
21        android:roundIcon="@mipmap/ic_launcher_round"
21-->src\main\AndroidManifest.xml:13:9-54
22        android:supportsRtl="true"
22-->src\main\AndroidManifest.xml:14:9-35
23        android:testOnly="true"
24        android:theme="@style/AppTheme"
24-->src\main\AndroidManifest.xml:15:9-40
25        android:usesCleartextTraffic="true" >
25-->src\main\AndroidManifest.xml:16:9-44
26        <activity
26-->src\main\AndroidManifest.xml:19:9-25:20
27            android:name="com.rentalcentral.sturents.activities.MyListingsActivity"
27-->src\main\AndroidManifest.xml:20:13-58
28            android:parentActivityName="com.rentalcentral.sturents.activities.MainActivity" >
28-->src\main\AndroidManifest.xml:21:13-66
29            <meta-data
29-->src\main\AndroidManifest.xml:22:13-24:59
30                android:name="android.support.PARENT_ACTIVITY"
30-->src\main\AndroidManifest.xml:23:17-63
31                android:value=".activities.MainActivity" />
31-->src\main\AndroidManifest.xml:24:17-57
32        </activity>
33        <activity
33-->src\main\AndroidManifest.xml:27:9-33:20
34            android:name="com.rentalcentral.sturents.activities.MySettingsActivity"
34-->src\main\AndroidManifest.xml:28:13-58
35            android:parentActivityName="com.rentalcentral.sturents.activities.MainActivity" >
35-->src\main\AndroidManifest.xml:29:13-66
36            <meta-data
36-->src\main\AndroidManifest.xml:22:13-24:59
37                android:name="android.support.PARENT_ACTIVITY"
37-->src\main\AndroidManifest.xml:23:17-63
38                android:value=".activities.MainActivity" />
38-->src\main\AndroidManifest.xml:24:17-57
39        </activity>
40        <activity
40-->src\main\AndroidManifest.xml:35:9-41:20
41            android:name="com.rentalcentral.sturents.activities.ExpandedCardViewActivity"
41-->src\main\AndroidManifest.xml:36:13-64
42            android:parentActivityName="com.rentalcentral.sturents.activities.MainActivity" >
42-->src\main\AndroidManifest.xml:37:13-66
43            <meta-data
43-->src\main\AndroidManifest.xml:22:13-24:59
44                android:name="android.support.PARENT_ACTIVITY"
44-->src\main\AndroidManifest.xml:23:17-63
45                android:value=".activities.MainActivity" />
45-->src\main\AndroidManifest.xml:24:17-57
46        </activity>
47        <activity android:name="com.rentalcentral.sturents.activities.MainActivity" >
47-->src\main\AndroidManifest.xml:43:9-49:20
47-->src\main\AndroidManifest.xml:43:19-58
48            <intent-filter>
48-->src\main\AndroidManifest.xml:44:13-48:29
49                <action android:name="android.intent.action.MAIN" />
49-->src\main\AndroidManifest.xml:45:17-69
49-->src\main\AndroidManifest.xml:45:25-66
50
51                <category android:name="android.intent.category.LAUNCHER" />
51-->src\main\AndroidManifest.xml:47:17-77
51-->src\main\AndroidManifest.xml:47:27-74
52            </intent-filter>
53        </activity>
54    </application>
55
56</manifest>